
Currently Loaded Modules:
  1) palma/2019a       (S)  12) OpenMPI/3.1.3
  2) GCCcore/8.2.0          13) OpenBLAS/0.3.5
  3) zlib/1.2.11            14) FFTW/3.3.8
  4) binutils/2.31.1        15) ScaLAPACK/2.0.2-OpenBLAS-0.3.5
  5) GCC/8.2.0-2.31.1       16) fosscuda/2019a
  6) CUDA/10.1.105          17) bzip2/1.0.6
  7) numactl/2.0.12         18) Boost/1.70.0
  8) XZ/5.2.4               19) ncurses/6.1
  9) libxml2/2.9.8          20) cURL/7.63.0
 10) libpciaccess/0.14      21) CMake/3.15.3
 11) hwloc/1.11.11

  Where:
   S:  Module is Sticky, requires --force to unload or purge

 

/home/b/b_mene01/aco-multidimensional-knapsack-problem/build/Release
-- The C compiler identification is GNU 8.2.0
-- The CXX compiler identification is GNU 8.2.0
-- Check for working C compiler: /Applic.HPC/Easybuild/ivybridge-IB/2019a/software/GCCcore/8.2.0/bin/cc
-- Check for working C compiler: /Applic.HPC/Easybuild/ivybridge-IB/2019a/software/GCCcore/8.2.0/bin/cc -- works
-- Detecting C compiler ABI info
-- Detecting C compiler ABI info - done
-- Detecting C compile features
-- Detecting C compile features - done
-- Check for working CXX compiler: /Applic.HPC/Easybuild/ivybridge-IB/2019a/software/GCCcore/8.2.0/bin/c++
-- Check for working CXX compiler: /Applic.HPC/Easybuild/ivybridge-IB/2019a/software/GCCcore/8.2.0/bin/c++ -- works
-- Detecting CXX compiler ABI info
-- Detecting CXX compiler ABI info - done
-- Detecting CXX compile features
-- Detecting CXX compile features - done
-- Host System: Linux-3.10.0-1160.15.2.el7.x86_64
-- compiler id: GNU
-- compiler flags: 
-- compiler flags debug: -g
-- compiler flags release: -O3 -DNDEBUG
-- compiler flags minsizerel: -Os -DNDEBUG
-- compiler flags relwithdebinfo: -O2 -g -DNDEBUG
CMake Warning (dev) at CMakeLists.txt:23 (find_package):
  Policy CMP0074 is not set: find_package uses <PackageName>_ROOT variables.
  Run "cmake --help-policy CMP0074" for policy details.  Use the cmake_policy
  command to set the policy and suppress this warning.

  Environment variable CUDA_ROOT is set to:

    /Applic.HPC/Easybuild/ivybridge-IB/2019a/software/CUDA/10.1.105-GCC-8.2.0-2.31.1

  For compatibility, CMake is ignoring the variable.
This warning is for project developers.  Use -Wno-dev to suppress it.

-- Looking for pthread.h
-- Looking for pthread.h - found
-- Performing Test CMAKE_HAVE_LIBC_PTHREAD
-- Performing Test CMAKE_HAVE_LIBC_PTHREAD - Failed
-- Looking for pthread_create in pthreads
-- Looking for pthread_create in pthreads - not found
-- Looking for pthread_create in pthread
-- Looking for pthread_create in pthread - found
-- Found Threads: TRUE  
-- Found CUDA: /Applic.HPC/Easybuild/ivybridge-IB/2019a/software/CUDA/10.1.105-GCC-8.2.0-2.31.1 (found version "10.1") 
-- Performing Test compiler_flag_wall
-- Performing Test compiler_flag_wall - Success
-- Performing Test compiler_flag_marchnative
-- Performing Test compiler_flag_marchnative - Success
-- Performing Test compiler_flag_fno_strict_aliasing
-- Performing Test compiler_flag_fno_strict_aliasing - Success
-- Performing Test compiler_flag_dmpich_ignore_cxx_seek
-- Performing Test compiler_flag_dmpich_ignore_cxx_seek - Success
-- Performing Test compiler_flag_wno_unknown_pragmas
-- Performing Test compiler_flag_wno_unknown_pragmas - Success
-- Performing Test compiler_flag_wno_reorder
-- Performing Test compiler_flag_wno_reorder - Success
-- Performing Test compiler_flag_mmic
-- Performing Test compiler_flag_mmic - Failed
-- Performing Test compiler_flag_vec_report1
-- Performing Test compiler_flag_vec_report1 - Failed
-- Performing Test compiler_flag_dmpich_skip_mpicxx
-- Performing Test compiler_flag_dmpich_skip_mpicxx - Success
-- Found Boost 1.70.0 at /Applic.HPC/Easybuild/ivybridge-IB/2019a/software/Boost/1.70.0-gompic-2019a/lib/cmake/Boost-1.70.0
--   Requested configuration: QUIET COMPONENTS program_options;timer
-- Found boost_headers 1.70.0 at /Applic.HPC/Easybuild/ivybridge-IB/2019a/software/Boost/1.70.0-gompic-2019a/lib/cmake/boost_headers-1.70.0
-- Found boost_program_options 1.70.0 at /Applic.HPC/Easybuild/ivybridge-IB/2019a/software/Boost/1.70.0-gompic-2019a/lib/cmake/boost_program_options-1.70.0
--   libboost_program_options.a
-- Adding boost_program_options dependencies: headers
-- Found boost_timer 1.70.0 at /Applic.HPC/Easybuild/ivybridge-IB/2019a/software/Boost/1.70.0-gompic-2019a/lib/cmake/boost_timer-1.70.0
--   libboost_timer.a
-- Adding boost_timer dependencies: chrono;headers
-- Found boost_chrono 1.70.0 at /Applic.HPC/Easybuild/ivybridge-IB/2019a/software/Boost/1.70.0-gompic-2019a/lib/cmake/boost_chrono-1.70.0
--   libboost_chrono.a
-- Adding boost_chrono dependencies: headers
-- Found Boost: /Applic.HPC/Easybuild/ivybridge-IB/2019a/software/Boost/1.70.0-gompic-2019a/lib/cmake/Boost-1.70.0/BoostConfig.cmake (found version "1.70.0") found components:  program_options timer 
-- Boost include path: /Applic.HPC/Easybuild/ivybridge-IB/2019a/software/Boost/1.70.0-gompic-2019a/include
-- Configuring done
-- Generating done
-- Build files have been written to: /home/b/b_mene01/aco-multidimensional-knapsack-problem/build/Release
[ 33%] Building NVCC (Device) object CMakeFiles/mknap_aco_cuda_ref.dir/src/mknap_aco_cuda_ref_generated_mknap_aco_cuda_algorithm.cu.o
[ 66%] Building NVCC (Device) object CMakeFiles/mknap_aco_cuda_ref.dir/src/mknap_aco_cuda_ref_generated_mknap_aco_cuda.cu.o
/Applic.HPC/Easybuild/ivybridge-IB/2019a/software/Boost/1.70.0-gompic-2019a/include/boost/mpl/assert.hpp:193:42: warning: unnecessary parentheses in declaration of 'assert_arg' [-Wparentheses]
 template< typename Pred >
                                          ^
/Applic.HPC/Easybuild/ivybridge-IB/2019a/software/Boost/1.70.0-gompic-2019a/include/boost/mpl/assert.hpp:198:42: warning: unnecessary parentheses in declaration of 'assert_not_arg' [-Wparentheses]
 template< typename Pred >
                                          ^
Scanning dependencies of target mknap_aco_cuda_ref
[100%] Linking CXX executable bin/mknap_aco_cuda_ref
[100%] Built target mknap_aco_cuda_ref
